<?xml version="1.0" encoding="UTF-8"?>
<!-- Generated by org.testng.reporters.JUnitReportReporter -->
<testsuite hostname="LAPTOP-MNLL3GGH" failures="0" tests="1" name="testngprgrms.DataDrivenpgm" time="39.258" errors="0" timestamp="2022-11-14T22:59:41 IST" skipped="0">
  <testcase classname="testngprgrms.DataDrivenpgm" name="main" time="39.258"/>
  <system-out/>
</testsuite> <!-- testngprgrms.DataDrivenpgm -->
