<?xml version="1.0" encoding="UTF-8"?>
<!-- Generated by org.testng.reporters.JUnitReportReporter -->
<testsuite hostname="LAPTOP-MNLL3GGH" failures="0" tests="3" name="testngprgrms.CrossbrowsrPgm" time="62.488" errors="0" timestamp="2022-11-11T14:26:02 IST" skipped="0">
  <testcase classname="testngprgrms.CrossbrowsrPgm" name="fb" time="6.268"/>
  <system-out/>
  <testcase classname="testngprgrms.CrossbrowsrPgm" name="fb" time="9.479"/>
  <system-out/>
  <testcase classname="testngprgrms.CrossbrowsrPgm" name="fb" time="46.741"/>
  <system-out/>
</testsuite> <!-- testngprgrms.CrossbrowsrPgm -->
