<?xml version="1.0" encoding="UTF-8"?>
<!-- Generated by org.testng.reporters.JUnitReportReporter -->
<testsuite hostname="LAPTOP-MNLL3GGH" failures="0" tests="1" name="testngprgrms.Datepicker" time="2.706" errors="0" timestamp="2022-11-24T12:34:36 IST" skipped="0">
  <testcase classname="testngprgrms.Datepicker" name="test" time="2.706"/>
  <system-out/>
</testsuite> <!-- testngprgrms.Datepicker -->
