<?xml version="1.0" encoding="UTF-8"?>
<!-- Generated by org.testng.reporters.JUnitReportReporter -->
<testsuite hostname="LAPTOP-MNLL3GGH" failures="0" tests="9" name="testngprgrms.VrlTravelspgm" time="64.745" errors="0" timestamp="2022-11-22T21:59:18 IST" skipped="0">
  <testcase classname="testngprgrms.VrlTravelspgm" name="test3" time="3.683"/>
  <system-out/>
  <testcase classname="testngprgrms.VrlTravelspgm" name="test7" time="10.340"/>
  <system-out/>
  <testcase classname="testngprgrms.VrlTravelspgm" name="test1" time="4.039"/>
  <system-out/>
  <testcase classname="testngprgrms.VrlTravelspgm" name="test9" time="4.383"/>
  <system-out/>
  <testcase classname="testngprgrms.VrlTravelspgm" name="test2" time="3.597"/>
  <system-out/>
  <testcase classname="testngprgrms.VrlTravelspgm" name="test4" time="5.432"/>
  <system-out/>
  <testcase classname="testngprgrms.VrlTravelspgm" name="test5" time="3.886"/>
  <system-out/>
  <testcase classname="testngprgrms.VrlTravelspgm" name="test6" time="5.408"/>
  <system-out/>
  <testcase classname="testngprgrms.VrlTravelspgm" name="test8" time="23.977"/>
  <system-out/>
</testsuite> <!-- testngprgrms.VrlTravelspgm -->
