<?xml version="1.0" encoding="UTF-8"?>
<!-- Generated by org.testng.reporters.JUnitReportReporter -->
<testsuite hostname="LAPTOP-MNLL3GGH" failures="0" tests="1" name="testngprgrms.RightDoubleclick" time="14.717" errors="0" timestamp="2022-11-14T00:13:07 IST" skipped="0">
  <testcase classname="testngprgrms.RightDoubleclick" name="test1" time="14.717"/>
  <system-out/>
</testsuite> <!-- testngprgrms.RightDoubleclick -->
