<?xml version="1.0" encoding="UTF-8"?>
<!-- Generated by org.testng.reporters.JUnitReportReporter -->
<testsuite hostname="LAPTOP-MNLL3GGH" failures="0" tests="3" name="testngprgrms.Testdemo" time="0.000" errors="0" timestamp="2022-11-11T14:18:07 IST" skipped="3">
  <testcase classname="testngprgrms.Testdemo" name="test3" time="0.000">
    <skipped/>
  </testcase> <!-- test3 -->
  <system-out/>
  <testcase classname="testngprgrms.Testdemo" name="test1" time="0.000">
    <skipped/>
  </testcase> <!-- test1 -->
  <system-out/>
  <testcase classname="testngprgrms.Testdemo" name="test2">
    <skipped/>
  </testcase> <!-- test2 -->
  <system-out/>
</testsuite> <!-- testngprgrms.Testdemo -->
