<?xml version="1.0" encoding="UTF-8"?>
<!-- Generated by org.testng.reporters.JUnitReportReporter -->
<testsuite hostname="LAPTOP-MNLL3GGH" failures="0" tests="1" name="testngprgrms.ParametersPgm" time="0.022" errors="0" timestamp="2022-11-11T19:22:36 IST" skipped="0">
  <testcase classname="testngprgrms.ParametersPgm" name="main" time="0.022"/>
  <system-out/>
</testsuite> <!-- testngprgrms.ParametersPgm -->
