<?xml version="1.0" encoding="UTF-8"?>
<!-- Generated by org.testng.reporters.JUnitReportReporter -->
<testsuite hostname="LAPTOP-MNLL3GGH" failures="0" tests="1" name="testngprgrms.DragandDrop" time="151.279" errors="0" timestamp="2022-11-13T18:47:07 IST" skipped="0">
  <testcase classname="testngprgrms.DragandDrop" name="test1" time="151.279"/>
  <system-out/>
</testsuite> <!-- testngprgrms.DragandDrop -->
