<?xml version="1.0" encoding="UTF-8"?>
<!-- Generated by org.testng.reporters.JUnitReportReporter -->
<testsuite hostname="LAPTOP-MNLL3GGH" failures="0" tests="1" name="testngprgrms.Fileuploadpgm" time="14.869" errors="0" timestamp="2022-11-22T10:17:24 IST" skipped="0">
  <testcase classname="testngprgrms.Fileuploadpgm" name="test1" time="14.869"/>
  <system-out/>
</testsuite> <!-- testngprgrms.Fileuploadpgm -->
