<?xml version="1.0" encoding="UTF-8"?>
<!-- Generated by org.testng.reporters.JUnitReportReporter -->
<testsuite hostname="LAPTOP-MNLL3GGH" failures="0" tests="5" name="testngprgrms.TestGrouping" time="0.000" errors="0" timestamp="2022-11-11T14:18:07 IST" skipped="5">
  <testcase classname="testngprgrms.TestGrouping" name="main4" time="0.000">
    <skipped/>
  </testcase> <!-- main4 -->
  <system-out/>
  <testcase classname="testngprgrms.TestGrouping" name="main1" time="0.000">
    <skipped/>
  </testcase> <!-- main1 -->
  <system-out/>
  <testcase classname="testngprgrms.TestGrouping" name="main2" time="0.000">
    <skipped/>
  </testcase> <!-- main2 -->
  <system-out/>
  <testcase classname="testngprgrms.TestGrouping" name="main3" time="0.000">
    <skipped/>
  </testcase> <!-- main3 -->
  <system-out/>
  <testcase classname="testngprgrms.TestGrouping" name="main5" time="0.000">
    <skipped/>
  </testcase> <!-- main5 -->
  <system-out/>
</testsuite> <!-- testngprgrms.TestGrouping -->
