<?xml version="1.0" encoding="UTF-8"?>
<!-- Generated by org.testng.reporters.JUnitReportReporter -->
<testsuite hostname="LAPTOP-MNLL3GGH" failures="0" tests="1" name="testngprgrms.WindowHandlepgm" time="10.865" errors="0" timestamp="2022-11-17T20:43:45 IST" skipped="0">
  <testcase classname="testngprgrms.WindowHandlepgm" name="test1" time="10.865"/>
  <system-out/>
</testsuite> <!-- testngprgrms.WindowHandlepgm -->
