<?xml version="1.0" encoding="UTF-8"?>
<!-- Generated by org.testng.reporters.JUnitReportReporter -->
<testsuite hostname="LAPTOP-MNLL3GGH" failures="0" tests="1" name="Testpkg.Fbtest" time="31.767" errors="0" timestamp="2022-11-24T09:20:06 IST" skipped="0">
  <testcase classname="Testpkg.Fbtest" name="verifyLoginWithValidCred" time="31.767"/>
  <system-out/>
</testsuite> <!-- Testpkg.Fbtest -->
