<?xml version="1.0" encoding="UTF-8"?>
<!-- Generated by org.testng.reporters.JUnitReportReporter -->
<testsuite hostname="LAPTOP-MNLL3GGH" failures="0" tests="1" name="testngprgrms.NewtabOpen" time="1.529" errors="0" timestamp="2022-11-17T20:01:30 IST" skipped="0">
  <testcase classname="testngprgrms.NewtabOpen" name="newtab" time="1.529"/>
  <system-out/>
</testsuite> <!-- testngprgrms.NewtabOpen -->
