<?xml version="1.0" encoding="UTF-8"?>
<!-- Generated by org.testng.reporters.JUnitReportReporter -->
<testsuite hostname="LAPTOP-MNLL3GGH" failures="0" tests="1" name="testngprgrms.ActionPgm" time="20.460" errors="0" timestamp="2022-11-13T18:48:20 IST" skipped="0">
  <testcase classname="testngprgrms.ActionPgm" name="test1" time="20.460"/>
  <system-out/>
</testsuite> <!-- testngprgrms.ActionPgm -->
